#
# A fatal error has been detected by the Java Runtime Environment:
#
#  EXCEPTION_ACCESS_VIOLATION (0xc0000005) at pc=0x00007ffba7934570, pid=11624, tid=5508
#
# JRE version: Java(TM) SE Runtime Environment (11.0.1+13) (build 11.0.1+13-LTS)
# Java VM: Java HotSpot(TM) 64-Bit Server VM (11.0.1+13-LTS, mixed mode, tiered, compressed oops, g1 gc, windows-amd64)
# Problematic frame:
# V  [jvm.dll+0x374570]
#
# No core dump will be written. Minidumps are not enabled by default on client versions of Windows
#
# If you would like to submit a bug report, please visit:
#   http://bugreport.java.com/bugreport/crash.jsp
#

---------------  S U M M A R Y ------------

Command Line: -XX:MaxMetaspaceSize=512m --add-opens=java.base/java.util=ALL-UNNAMED --add-opens=java.base/java.lang=ALL-UNNAMED --add-opens=java.base/java.lang.invoke=ALL-UNNAMED --add-opens=java.base/java.util=ALL-UNNAMED --add-opens=java.prefs/java.util.prefs=ALL-UNNAMED --add-opens=java.prefs/java.util.prefs=ALL-UNNAMED --add-opens=java.base/java.nio.charset=ALL-UNNAMED --add-opens=java.base/java.net=ALL-UNNAMED --add-opens=java.base/java.util.concurrent.atomic=ALL-UNNAMED -Xmx2048m -Dfile.encoding=windows-1252 -Duser.country=US -Duser.language=en -Duser.variant org.gradle.launcher.daemon.bootstrap.GradleDaemon 7.3.3

Host: Intel(R) Core(TM) i5 CPU       M 480  @ 2.67GHz, 4 cores, 7G,  Windows 10 , 64 bit Build 19041 (10.0.19041.1806)
Time: Sun Sep 25 22:17:22 2022 India Standard Time elapsed time: 358 seconds (0d 0h 5m 58s)

---------------  T H R E A D  ---------------

Current thread (0x00000195d4ca2800):  JavaThread "C2 CompilerThread0" daemon [_thread_in_native, id=5508, stack(0x0000001636100000,0x0000001636200000)]


Current CompileTask:
C2: 358155 13234       4       org.objectweb.asm.ClassReader::readCode (5109 bytes)

Stack: [0x0000001636100000,0x0000001636200000],  sp=0x00000016361fbad0,  free space=1006k
Native frames: (J=compiled Java code, j=interpreted, Vv=VM code, C=native code)
V  [jvm.dll+0x374570]
V  [jvm.dll+0x36dd80]
V  [jvm.dll+0x1ad5ec]
V  [jvm.dll+0x21c8d2]
V  [jvm.dll+0x21b96a]
V  [jvm.dll+0x198390]
V  [jvm.dll+0x22a97f]
V  [jvm.dll+0x228f98]
V  [jvm.dll+0x73f03d]
V  [jvm.dll+0x63b2b2]
C  [ucrtbase.dll+0x21bb2]
C  [KERNEL32.DLL+0x17034]
C  [ntdll.dll+0x52651]


siginfo: EXCEPTION_ACCESS_VIOLATION (0xc0000005), reading address 0x00007ffb8802f638


Register to memory mapping:

RIP=0x00007ffba7934570 jvm.dll
RAX=0x0 is NULL
RBX=0x0000000000000033 is an unknown value
RCX=0x0 is NULL
RDX=0x0000000000000008 is an unknown value
RSP=0x00000016361fbad0 is pointing into the stack for thread: 0x00000195d4ca2800
RBP=0x0000000000000008 is an unknown value
RSI=0x00007ffba802f638 jvm.dll
RDI=0x00000195b409b970 points into unknown readable memory
R8 =0x00007ffb8802f638 is an unknown value
R9 =0x00000016361fbb20 is pointing into the stack for thread: 0x00000195d4ca2800
R10=0x0000000000000033 is an unknown value
R11=0x00000016361fba30 is pointing into the stack for thread: 0x00000195d4ca2800
R12=0x00007ffba75c0000 jvm.dll
R13=0x00000195dd865230 points into unknown readable memory
R14=0x0000000000000019 is an unknown value
R15=0x00007ffba802f638 jvm.dll


Registers:
RAX=0x0000000000000000, RBX=0x0000000000000033, RCX=0x0000000000000000, RDX=0x0000000000000008
RSP=0x00000016361fbad0, RBP=0x0000000000000008, RSI=0x00007ffba802f638, RDI=0x00000195b409b970
R8 =0x00007ffb8802f638, R9 =0x00000016361fbb20, R10=0x0000000000000033, R11=0x00000016361fba30
R12=0x00007ffba75c0000, R13=0x00000195dd865230, R14=0x0000000000000019, R15=0x00007ffba802f638
RIP=0x00007ffba7934570, EFLAGS=0x0000000000010246

Top of Stack: (sp=0x00000016361fbad0)
0x00000016361fbad0:   0000000000000000 0000000000000000
0x00000016361fbae0:   0000000000000820 00000195d431ae00
0x00000016361fbaf0:   0000000000001d59 00007ffba792dd80
0x00000016361fbb00:   00000195e2551750 00000016361fbc50
0x00000016361fbb10:   0000000000001d59 00007ffba7e5be90
0x00000016361fbb20:   00001d5d00000000 0000019500000003
0x00000016361fbb30:   00007ffb8802f638 000000000000001e
0x00000016361fbb40:   00000195defa1940 000000000000003a
0x00000016361fbb50:   00000195e25517f0 0000000000000000
0x00000016361fbb60:   00000195dd865240 0000000000000000
0x00000016361fbb70:   00000016361fbc80 00007ffba776d5ec
0x00000016361fbb80:   00000016361fc000 00000016361fc0e8
0x00000016361fbb90:   00000195dd865618 00000000000003d8
0x00000016361fbba0:   00007ffba7e16900 000000000000000c
0x00000016361fbbb0:   0000000000000006 00000195dd865230
0x00000016361fbbc0:   00000195df250010 00000195df256c80 

Instructions: (pc=0x00007ffba7934570)
0x00007ffba7934550:   49 8b 41 20 41 8b da 4c 8b 04 d8 4c 3b c6 74 7a
0x00007ffba7934560:   33 c0 4d 89 41 10 33 c9 0f 1f 84 00 00 00 00 00
0x00007ffba7934570:   42 83 3c 01 00 8d 50 01 0f 85 be 00 00 00 48 83
0x00007ffba7934580:   c1 04 8b c2 83 fa 08 72 e7 4d 8b 59 30 4d 85 db 



---------------  P R O C E S S  ---------------

Threads class SMR info:
_java_thread_list=0x00000195db075770, length=87, elements={
0x00000195b3fbe800, 0x00000195d431a000, 0x00000195d4328000, 0x00000195d437d800,
0x00000195d437e800, 0x00000195d4ca2800, 0x00000195d4ca4000, 0x00000195d4cae800,
0x00000195d4dfe000, 0x00000195d4e6b000, 0x00000195d5849800, 0x00000195d64c2000,
0x00000195d5043000, 0x00000195d5bef800, 0x00000195d5e0d800, 0x00000195d501d800,
0x00000195d501e000, 0x00000195d5afe000, 0x00000195d5afe800, 0x00000195d4fb0800,
0x00000195d5e25000, 0x00000195d5e22800, 0x00000195d5e21800, 0x00000195d5e23000,
0x00000195d5e1f000, 0x00000195d5e24000, 0x00000195d5e25800, 0x00000195d5e21000,
0x00000195d5e20000, 0x00000195d7249000, 0x00000195d7246800, 0x00000195d7247800,
0x00000195d724b000, 0x00000195d7248800, 0x00000195d724b800, 0x00000195d7246000,
0x00000195d724c800, 0x00000195d7251800, 0x00000195d7253000, 0x00000195d724f000,
0x00000195d724e000, 0x00000195d724f800, 0x00000195d724d800, 0x00000195d7252000,
0x00000195d7250800, 0x00000195d7254000, 0x00000195d7254800, 0x00000195d7439800,
0x00000195d7438000, 0x00000195d743d000, 0x00000195d7439000, 0x00000195d743a800,
0x00000195d743b800, 0x00000195d743c000, 0x00000195d743d800, 0x00000195d7440000,
0x00000195d7442800, 0x00000195d7443800, 0x00000195d7442000, 0x00000195d7441000,
0x00000195d743f800, 0x00000195d7444800, 0x00000195d743e800, 0x00000195d7445000,
0x00000195d7446000, 0x00000195d7446800, 0x00000195d7749000, 0x00000195d774a000,
0x00000195d7745000, 0x00000195d774b000, 0x00000195d7747000, 0x00000195d7747800,
0x00000195d774b800, 0x00000195d7746000, 0x00000195d774f000, 0x00000195d7750000,
0x00000195d7753000, 0x00000195d7750800, 0x00000195d7751800, 0x00000195d7752000,
0x00000195d7754000, 0x00000195d9002000, 0x00000195d9003000, 0x00000195d9004000,
0x00000195d8ffe000, 0x00000195d9004800, 0x00000195d9001800
}

Java Threads: ( => current thread )
  0x00000195b3fbe800 JavaThread "main" [_thread_blocked, id=9924, stack(0x0000001635600000,0x0000001635700000)]
  0x00000195d431a000 JavaThread "Reference Handler" daemon [_thread_blocked, id=8340, stack(0x0000001635d00000,0x0000001635e00000)]
  0x00000195d4328000 JavaThread "Finalizer" daemon [_thread_blocked, id=15052, stack(0x0000001635e00000,0x0000001635f00000)]
  0x00000195d437d800 JavaThread "Signal Dispatcher" daemon [_thread_blocked, id=3908, stack(0x0000001635f00000,0x0000001636000000)]
  0x00000195d437e800 JavaThread "Attach Listener" daemon [_thread_blocked, id=12916, stack(0x0000001636000000,0x0000001636100000)]
=>0x00000195d4ca2800 JavaThread "C2 CompilerThread0" daemon [_thread_in_native, id=5508, stack(0x0000001636100000,0x0000001636200000)]
  0x00000195d4ca4000 JavaThread "C1 CompilerThread0" daemon [_thread_blocked, id=14780, stack(0x0000001636200000,0x0000001636300000)]
  0x00000195d4cae800 JavaThread "Sweeper thread" daemon [_thread_blocked, id=15696, stack(0x0000001636300000,0x0000001636400000)]
  0x00000195d4dfe000 JavaThread "Common-Cleaner" daemon [_thread_blocked, id=12808, stack(0x0000001636400000,0x0000001636500000)]
  0x00000195d4e6b000 JavaThread "Service Thread" daemon [_thread_blocked, id=10628, stack(0x0000001636500000,0x0000001636600000)]
  0x00000195d5849800 JavaThread "Daemon health stats" [_thread_blocked, id=8980, stack(0x0000001636700000,0x0000001636800000)]
  0x00000195d64c2000 JavaThread "Incoming local TCP Connector on port 51508" [_thread_in_native, id=5148, stack(0x0000001636a00000,0x0000001636b00000)]
  0x00000195d5043000 JavaThread "Daemon periodic checks" [_thread_blocked, id=12900, stack(0x0000001636b00000,0x0000001636c00000)]
  0x00000195d5bef800 JavaThread "Daemon" [_thread_blocked, id=8480, stack(0x0000001636c00000,0x0000001636d00000)]
  0x00000195d5e0d800 JavaThread "Handler for socket connection from /127.0.0.1:51508 to /127.0.0.1:51509" [_thread_in_native, id=5904, stack(0x0000001636d00000,0x0000001636e00000)]
  0x00000195d501d800 JavaThread "Cancel handler" [_thread_blocked, id=13136, stack(0x0000001636e00000,0x0000001636f00000)]
  0x00000195d501e000 JavaThread "Daemon worker" [_thread_blocked, id=7668, stack(0x0000001636f00000,0x0000001637000000)]
  0x00000195d5afe000 JavaThread "Asynchronous log dispatcher for DefaultDaemonConnection: socket connection from /127.0.0.1:51508 to /127.0.0.1:51509" [_thread_blocked, id=9560, stack(0x0000001637000000,0x0000001637100000)]
  0x00000195d5afe800 JavaThread "Stdin handler" [_thread_blocked, id=7640, stack(0x0000001637100000,0x0000001637200000)]
  0x00000195d4fb0800 JavaThread "Daemon client event forwarder" [_thread_blocked, id=10148, stack(0x0000001637200000,0x0000001637300000)]
  0x00000195d5e25000 JavaThread "Cache worker for journal cache (C:\Users\hp\.gradle\caches\journal-1)" [_thread_blocked, id=13220, stack(0x0000001637400000,0x0000001637500000)]
  0x00000195d5e22800 JavaThread "File lock request listener" [_thread_in_native, id=11680, stack(0x0000001637500000,0x0000001637600000)]
  0x00000195d5e21800 JavaThread "Cache worker for file hash cache (C:\Users\hp\.gradle\caches\7.3.3\fileHashes)" [_thread_blocked, id=15372, stack(0x0000001637600000,0x0000001637700000)]
  0x00000195d5e23000 JavaThread "Cache worker for file hash cache (F:\My apps\Project3\android\.gradle\7.3.3\fileHashes)" [_thread_blocked, id=16276, stack(0x0000001637800000,0x0000001637900000)]
  0x00000195d5e1f000 JavaThread "File watcher server" daemon [_thread_in_native, id=11972, stack(0x0000001635300000,0x0000001635400000)]
  0x00000195d5e24000 JavaThread "File watcher consumer" daemon [_thread_blocked, id=11668, stack(0x0000001635500000,0x0000001635600000)]
  0x00000195d5e25800 JavaThread "Cache worker for checksums cache (F:\My apps\Project3\android\.gradle\7.3.3\checksums)" [_thread_blocked, id=2928, stack(0x0000001637900000,0x0000001637a00000)]
  0x00000195d5e21000 JavaThread "Cache worker for cache directory md-supplier (C:\Users\hp\.gradle\caches\7.3.3\md-supplier)" [_thread_blocked, id=11816, stack(0x0000001637a00000,0x0000001637b00000)]
  0x00000195d5e20000 JavaThread "Cache worker for cache directory md-rule (C:\Users\hp\.gradle\caches\7.3.3\md-rule)" [_thread_blocked, id=8472, stack(0x0000001637b00000,0x0000001637c00000)]
  0x00000195d7249000 JavaThread "Cache worker for execution history cache (C:\Users\hp\.gradle\caches\7.3.3\executionHistory)" [_thread_blocked, id=13772, stack(0x0000001637c00000,0x0000001637d00000)]
  0x00000195d7246800 JavaThread "jar transforms" [_thread_blocked, id=13336, stack(0x0000001637d00000,0x0000001637e00000)]
  0x00000195d7247800 JavaThread "jar transforms Thread 2" [_thread_blocked, id=5592, stack(0x0000001637e00000,0x0000001637f00000)]
  0x00000195d724b000 JavaThread "Cache worker for file content cache (C:\Users\hp\.gradle\caches\7.3.3\fileContent)" [_thread_blocked, id=9548, stack(0x0000001637f00000,0x0000001638000000)]
  0x00000195d7248800 JavaThread "jar transforms Thread 3" [_thread_blocked, id=11340, stack(0x0000001638000000,0x0000001638100000)]
  0x00000195d724b800 JavaThread "jar transforms Thread 4" [_thread_in_native, id=8908, stack(0x0000001638100000,0x0000001638200000)]
  0x00000195d7246000 JavaThread "Cache worker for kotlin-dsl (C:\Users\hp\.gradle\caches\7.3.3\kotlin-dsl)" [_thread_blocked, id=11128, stack(0x0000001635400000,0x0000001635500000)]
  0x00000195d724c800 JavaThread "Cache worker for dependencies-accessors (F:\My apps\Project3\android\.gradle\7.3.3\dependencies-accessors)" [_thread_blocked, id=1268, stack(0x0000001638200000,0x0000001638300000)]
  0x00000195d7251800 JavaThread "Cache worker for Build Output Cleanup Cache (F:\My apps\Project3\node_modules\react-native-gradle-plugin\.gradle\buildOutputCleanup)" [_thread_blocked, id=2852, stack(0x0000001638300000,0x0000001638400000)]
  0x00000195d7253000 JavaThread "Unconstrained build operations" [_thread_blocked, id=15440, stack(0x0000001638400000,0x0000001638500000)]
  0x00000195d724f000 JavaThread "Unconstrained build operations Thread 2" [_thread_blocked, id=9336, stack(0x0000001638500000,0x0000001638600000)]
  0x00000195d724e000 JavaThread "Unconstrained build operations Thread 3" [_thread_blocked, id=13504, stack(0x0000001638600000,0x0000001638700000)]
  0x00000195d724f800 JavaThread "Unconstrained build operations Thread 4" [_thread_blocked, id=5312, stack(0x0000001638700000,0x0000001638800000)]
  0x00000195d724d800 JavaThread "Unconstrained build operations Thread 5" [_thread_blocked, id=6484, stack(0x0000001638800000,0x0000001638900000)]
  0x00000195d7252000 JavaThread "Unconstrained build operations Thread 6" [_thread_blocked, id=2900, stack(0x0000001638900000,0x0000001638a00000)]
  0x00000195d7250800 JavaThread "Unconstrained build operations Thread 7" [_thread_blocked, id=11348, stack(0x0000001638a00000,0x0000001638b00000)]
  0x00000195d7254000 JavaThread "Unconstrained build operations Thread 8" [_thread_blocked, id=7204, stack(0x0000001638b00000,0x0000001638c00000)]
  0x00000195d7254800 JavaThread "Unconstrained build operations Thread 9" [_thread_blocked, id=12220, stack(0x0000001638c00000,0x0000001638d00000)]
  0x00000195d7439800 JavaThread "Unconstrained build operations Thread 10" [_thread_blocked, id=15260, stack(0x0000001638d00000,0x0000001638e00000)]
  0x00000195d7438000 JavaThread "Unconstrained build operations Thread 11" [_thread_blocked, id=9448, stack(0x0000001638e00000,0x0000001638f00000)]
  0x00000195d743d000 JavaThread "Unconstrained build operations Thread 12" [_thread_blocked, id=8940, stack(0x0000001638f00000,0x0000001639000000)]
  0x00000195d7439000 JavaThread "Unconstrained build operations Thread 13" [_thread_blocked, id=15572, stack(0x0000001639000000,0x0000001639100000)]
  0x00000195d743a800 JavaThread "Unconstrained build operations Thread 14" [_thread_blocked, id=7680, stack(0x0000001639100000,0x0000001639200000)]
  0x00000195d743b800 JavaThread "Unconstrained build operations Thread 15" [_thread_blocked, id=14288, stack(0x0000001639200000,0x0000001639300000)]
  0x00000195d743c000 JavaThread "Unconstrained build operations Thread 16" [_thread_blocked, id=8300, stack(0x0000001639300000,0x0000001639400000)]
  0x00000195d743d800 JavaThread "Unconstrained build operations Thread 17" [_thread_blocked, id=14976, stack(0x0000001639400000,0x0000001639500000)]
  0x00000195d7440000 JavaThread "Unconstrained build operations Thread 18" [_thread_blocked, id=1684, stack(0x0000001639500000,0x0000001639600000)]
  0x00000195d7442800 JavaThread "Unconstrained build operations Thread 19" [_thread_blocked, id=8164, stack(0x0000001639600000,0x0000001639700000)]
  0x00000195d7443800 JavaThread "Unconstrained build operations Thread 20" [_thread_blocked, id=6384, stack(0x0000001639700000,0x0000001639800000)]
  0x00000195d7442000 JavaThread "Unconstrained build operations Thread 21" [_thread_blocked, id=13832, stack(0x0000001639800000,0x0000001639900000)]
  0x00000195d7441000 JavaThread "Unconstrained build operations Thread 22" [_thread_blocked, id=7312, stack(0x0000001639900000,0x0000001639a00000)]
  0x00000195d743f800 JavaThread "Unconstrained build operations Thread 23" [_thread_blocked, id=14368, stack(0x0000001639a00000,0x0000001639b00000)]
  0x00000195d7444800 JavaThread "Unconstrained build operations Thread 24" [_thread_blocked, id=14208, stack(0x0000001639b00000,0x0000001639c00000)]
  0x00000195d743e800 JavaThread "Unconstrained build operations Thread 25" [_thread_blocked, id=1448, stack(0x0000001639c00000,0x0000001639d00000)]
  0x00000195d7445000 JavaThread "Unconstrained build operations Thread 26" [_thread_blocked, id=6604, stack(0x0000001639d00000,0x0000001639e00000)]
  0x00000195d7446000 JavaThread "Unconstrained build operations Thread 27" [_thread_blocked, id=12316, stack(0x0000001639e00000,0x0000001639f00000)]
  0x00000195d7446800 JavaThread "Unconstrained build operations Thread 28" [_thread_blocked, id=5588, stack(0x0000001639f00000,0x000000163a000000)]
  0x00000195d7749000 JavaThread "Unconstrained build operations Thread 29" [_thread_blocked, id=7812, stack(0x000000163a000000,0x000000163a100000)]
  0x00000195d774a000 JavaThread "Unconstrained build operations Thread 30" [_thread_blocked, id=2432, stack(0x000000163a100000,0x000000163a200000)]
  0x00000195d7745000 JavaThread "Unconstrained build operations Thread 31" [_thread_blocked, id=8216, stack(0x000000163a200000,0x000000163a300000)]
  0x00000195d774b000 JavaThread "Unconstrained build operations Thread 32" [_thread_blocked, id=916, stack(0x000000163a300000,0x000000163a400000)]
  0x00000195d7747000 JavaThread "Unconstrained build operations Thread 33" [_thread_blocked, id=15328, stack(0x000000163a400000,0x000000163a500000)]
  0x00000195d7747800 JavaThread "build event listener" [_thread_blocked, id=10516, stack(0x0000001637700000,0x0000001637800000)]
  0x00000195d774b800 JavaThread "Memory manager" [_thread_blocked, id=15084, stack(0x000000163a500000,0x000000163a600000)]
  0x00000195d7746000 JavaThread "Cache worker for Build Output Cleanup Cache (F:\My apps\Project3\android\.gradle\buildOutputCleanup)" [_thread_blocked, id=4704, stack(0x000000163a600000,0x000000163a700000)]
  0x00000195d774f000 JavaThread "Cache worker for execution history cache (F:\My apps\Project3\node_modules\react-native-gradle-plugin\.gradle\7.3.3\executionHistory)" [_thread_blocked, id=16324, stack(0x000000163ab00000,0x000000163ac00000)]
  0x00000195d7750000 JavaThread "Unconstrained build operations Thread 34" [_thread_blocked, id=6364, stack(0x000000163ac00000,0x000000163ad00000)]
  0x00000195d7753000 JavaThread "Unconstrained build operations Thread 35" [_thread_blocked, id=9916, stack(0x000000163ad00000,0x000000163ae00000)]
  0x00000195d7750800 JavaThread "Unconstrained build operations Thread 36" [_thread_blocked, id=2584, stack(0x000000163ae00000,0x000000163af00000)]
  0x00000195d7751800 JavaThread "Unconstrained build operations Thread 37" [_thread_blocked, id=1452, stack(0x000000163af00000,0x000000163b000000)]
  0x00000195d7752000 JavaThread "Unconstrained build operations Thread 38" [_thread_blocked, id=4332, stack(0x000000163b000000,0x000000163b100000)]
  0x00000195d7754000 JavaThread "Unconstrained build operations Thread 39" [_thread_blocked, id=10028, stack(0x000000163b100000,0x000000163b200000)]
  0x00000195d9002000 JavaThread "Unconstrained build operations Thread 40" [_thread_blocked, id=8208, stack(0x000000163b200000,0x000000163b300000)]
  0x00000195d9003000 JavaThread "Cache worker for Java compile cache (C:\Users\hp\.gradle\caches\7.3.3\javaCompile)" [_thread_blocked, id=5608, stack(0x000000163b300000,0x000000163b400000)]
  0x00000195d9004000 JavaThread "Build operations" [_thread_blocked, id=15540, stack(0x000000163b400000,0x000000163b500000)]
  0x00000195d8ffe000 JavaThread "Build operations Thread 2" [_thread_blocked, id=12768, stack(0x000000163b500000,0x000000163b600000)]
  0x00000195d9004800 JavaThread "Build operations Thread 3" [_thread_blocked, id=16132, stack(0x000000163b600000,0x000000163b700000)]
  0x00000195d9001800 JavaThread "Build operations Thread 4" [_thread_blocked, id=5344, stack(0x000000163b700000,0x000000163b800000)]

Other Threads:
  0x00000195d4314800 VMThread "VM Thread" [stack: 0x0000001635c00000,0x0000001635d00000] [id=13360]
  0x00000195d4e6d000 WatcherThread [stack: 0x0000001636600000,0x0000001636700000] [id=856]
  0x00000195b3fd4000 GCTaskThread "GC Thread#0" [stack: 0x0000001635700000,0x0000001635800000] [id=16164]
  0x00000195d518f000 GCTaskThread "GC Thread#1" [stack: 0x0000001636800000,0x0000001636900000] [id=13880]
  0x00000195d50d1800 GCTaskThread "GC Thread#2" [stack: 0x0000001636900000,0x0000001636a00000] [id=11220]
  0x00000195d5ea6800 GCTaskThread "GC Thread#3" [stack: 0x0000001637300000,0x0000001637400000] [id=13964]
  0x00000195b4005000 ConcurrentGCThread "G1 Main Marker" [stack: 0x0000001635800000,0x0000001635900000] [id=13888]
  0x00000195b4006800 ConcurrentGCThread "G1 Conc#0" [stack: 0x0000001635900000,0x0000001635a00000] [id=10204]
  0x00000195b4093800 ConcurrentGCThread "G1 Refine#0" [stack: 0x0000001635a00000,0x0000001635b00000] [id=2864]
  0x00000195dad37000 ConcurrentGCThread "G1 Refine#1" [stack: 0x000000163b900000,0x000000163ba00000] [id=3700]
  0x00000195b4094800 ConcurrentGCThread "G1 Young RemSet Sampling" [stack: 0x0000001635b00000,0x0000001635c00000] [id=7572]

Threads with active compile tasks:
C2 CompilerThread013234       4       org.objectweb.asm.ClassReader::readCode (5109 bytes)

VM state:not at safepoint (normal execution)

VM Mutex/Monitor currently owned by a thread: None

Heap address: 0x0000000080000000, size: 2048 MB, Compressed Oops mode: 32-bit
Narrow klass base: 0x0000000000000000, Narrow klass shift: 3
Compressed class space size: 528482304 Address: 0x0000000100000000

Heap:
 garbage-first heap   total 234496K, used 182790K [0x0000000080000000, 0x0000000100000000)
  region size 1024K, 35 young (35840K), 5 survivors (5120K)
 Metaspace       used 101919K, capacity 105558K, committed 105712K, reserved 608256K
  class space    used 13321K, capacity 14680K, committed 14708K, reserved 516096K
Heap Regions: E=young(eden), S=young(survivor), O=old, HS=humongous(starts), HC=humongous(continues), CS=collection set, F=free, A=archive, TAMS=top-at-mark-start (previous, next)
|   0|0x0000000080000000, 0x0000000080100000, 0x0000000080100000|100%| O|  |TAMS 0x0000000080100000, 0x0000000080000000| Untracked 
|   1|0x0000000080100000, 0x0000000080200000, 0x0000000080200000|100%| O|  |TAMS 0x0000000080200000, 0x0000000080100000| Untracked 
|   2|0x0000000080200000, 0x0000000080300000, 0x0000000080300000|100%| O|  |TAMS 0x0000000080300000, 0x0000000080200000| Untracked 
|   3|0x0000000080300000, 0x0000000080400000, 0x0000000080400000|100%|HS|  |TAMS 0x0000000080400000, 0x0000000080300000| Complete 
|   4|0x0000000080400000, 0x0000000080500000, 0x0000000080500000|100%|HC|  |TAMS 0x0000000080500000, 0x0000000080400000| Complete 
|   5|0x0000000080500000, 0x0000000080600000, 0x0000000080600000|100%|HC|  |TAMS 0x0000000080600000, 0x0000000080500000| Complete 
|   6|0x0000000080600000, 0x0000000080700000, 0x0000000080700000|100%| O|  |TAMS 0x0000000080700000, 0x0000000080600000| Untracked 
|   7|0x0000000080700000, 0x0000000080800000, 0x0000000080800000|100%| O|  |TAMS 0x0000000080800000, 0x0000000080700000| Untracked 
|   8|0x0000000080800000, 0x0000000080900000, 0x0000000080900000|100%| O|  |TAMS 0x0000000080900000, 0x0000000080800000| Untracked 
|   9|0x0000000080900000, 0x0000000080a00000, 0x0000000080a00000|100%| O|  |TAMS 0x0000000080a00000, 0x0000000080900000| Untracked 
|  10|0x0000000080a00000, 0x0000000080b00000, 0x0000000080b00000|100%| O|  |TAMS 0x0000000080b00000, 0x0000000080a00000| Untracked 
|  11|0x0000000080b00000, 0x0000000080c00000, 0x0000000080c00000|100%| O|  |TAMS 0x0000000080c00000, 0x0000000080b00000| Untracked 
|  12|0x0000000080c00000, 0x0000000080d00000, 0x0000000080d00000|100%| O|  |TAMS 0x0000000080d00000, 0x0000000080c00000| Untracked 
|  13|0x0000000080d00000, 0x0000000080e00000, 0x0000000080e00000|100%| O|  |TAMS 0x0000000080e00000, 0x0000000080d00000| Untracked 
|  14|0x0000000080e00000, 0x0000000080f00000, 0x0000000080f00000|100%| O|  |TAMS 0x0000000080f00000, 0x0000000080e00000| Untracked 
|  15|0x0000000080f00000, 0x0000000081000000, 0x0000000081000000|100%| O|  |TAMS 0x0000000081000000, 0x0000000080f00000| Untracked 
|  16|0x0000000081000000, 0x0000000081100000, 0x0000000081100000|100%|HS|  |TAMS 0x0000000081100000, 0x0000000081000000| Complete 
|  17|0x0000000081100000, 0x0000000081200000, 0x0000000081200000|100%| O|  |TAMS 0x0000000081200000, 0x0000000081100000| Untracked 
|  18|0x0000000081200000, 0x0000000081300000, 0x0000000081300000|100%| O|  |TAMS 0x0000000081300000, 0x0000000081200000| Untracked 
|  19|0x0000000081300000, 0x0000000081400000, 0x0000000081400000|100%| O|  |TAMS 0x0000000081400000, 0x0000000081300000| Untracked 
|  20|0x0000000081400000, 0x0000000081500000, 0x0000000081500000|100%| O|  |TAMS 0x0000000081500000, 0x0000000081400000| Untracked 
|  21|0x0000000081500000, 0x0000000081600000, 0x0000000081600000|100%| O|  |TAMS 0x0000000081600000, 0x0000000081500000| Untracked 
|  22|0x0000000081600000, 0x0000000081700000, 0x0000000081700000|100%| O|  |TAMS 0x0000000081700000, 0x0000000081600000| Untracked 
|  23|0x0000000081700000, 0x0000000081800000, 0x0000000081800000|100%| O|  |TAMS 0x0000000081800000, 0x0000000081700000| Untracked 
|  24|0x0000000081800000, 0x0000000081900000, 0x0000000081900000|100%|HS|  |TAMS 0x0000000081900000, 0x0000000081800000| Complete 
|  25|0x0000000081900000, 0x0000000081a00000, 0x0000000081a00000|100%| O|  |TAMS 0x0000000081a00000, 0x0000000081900000| Untracked 
|  26|0x0000000081a00000, 0x0000000081b00000, 0x0000000081b00000|100%| O|  |TAMS 0x0000000081b00000, 0x0000000081a00000| Untracked 
|  27|0x0000000081b00000, 0x0000000081c00000, 0x0000000081c00000|100%| O|  |TAMS 0x0000000081c00000, 0x0000000081b00000| Untracked 
|  28|0x0000000081c00000, 0x0000000081d00000, 0x0000000081d00000|100%| O|  |TAMS 0x0000000081d00000, 0x0000000081c00000| Untracked 
|  29|0x0000000081d00000, 0x0000000081e00000, 0x0000000081e00000|100%|HS|  |TAMS 0x0000000081e00000, 0x0000000081d00000| Complete 
|  30|0x0000000081e00000, 0x0000000081f00000, 0x0000000081f00000|100%|HC|  |TAMS 0x0000000081f00000, 0x0000000081e00000| Complete 
|  31|0x0000000081f00000, 0x0000000082000000, 0x0000000082000000|100%|HC|  |TAMS 0x0000000082000000, 0x0000000081f00000| Complete 
|  32|0x0000000082000000, 0x0000000082100000, 0x0000000082100000|100%| O|  |TAMS 0x0000000082100000, 0x0000000082000000| Untracked 
|  33|0x0000000082100000, 0x0000000082200000, 0x0000000082200000|100%| O|  |TAMS 0x0000000082200000, 0x0000000082100000| Untracked 
|  34|0x0000000082200000, 0x0000000082300000, 0x0000000082300000|100%| O|  |TAMS 0x0000000082300000, 0x0000000082200000| Untracked 
|  35|0x0000000082300000, 0x0000000082400000, 0x0000000082400000|100%| O|  |TAMS 0x0000000082400000, 0x0000000082300000| Untracked 
|  36|0x0000000082400000, 0x0000000082500000, 0x0000000082500000|100%| O|  |TAMS 0x0000000082500000, 0x0000000082400000| Untracked 
|  37|0x0000000082500000, 0x0000000082600000, 0x0000000082600000|100%| O|  |TAMS 0x0000000082600000, 0x0000000082500000| Untracked 
|  38|0x0000000082600000, 0x0000000082700000, 0x0000000082700000|100%| O|  |TAMS 0x0000000082700000, 0x0000000082600000| Untracked 
|  39|0x0000000082700000, 0x0000000082800000, 0x0000000082800000|100%| O|  |TAMS 0x0000000082800000, 0x0000000082700000| Untracked 
|  40|0x0000000082800000, 0x0000000082900000, 0x0000000082900000|100%| O|  |TAMS 0x0000000082900000, 0x0000000082800000| Untracked 
|  41|0x0000000082900000, 0x0000000082a00000, 0x0000000082a00000|100%| O|  |TAMS 0x0000000082a00000, 0x0000000082900000| Untracked 
|  42|0x0000000082a00000, 0x0000000082b00000, 0x0000000082b00000|100%| O|  |TAMS 0x0000000082b00000, 0x0000000082a00000| Untracked 
|  43|0x0000000082b00000, 0x0000000082c00000, 0x0000000082c00000|100%| O|  |TAMS 0x0000000082c00000, 0x0000000082b00000| Untracked 
|  44|0x0000000082c00000, 0x0000000082d00000, 0x0000000082d00000|100%| O|  |TAMS 0x0000000082d00000, 0x0000000082c00000| Untracked 
|  45|0x0000000082d00000, 0x0000000082e00000, 0x0000000082e00000|100%| O|  |TAMS 0x0000000082e00000, 0x0000000082d00000| Untracked 
|  46|0x0000000082e00000, 0x0000000082f00000, 0x0000000082f00000|100%| O|  |TAMS 0x0000000082f00000, 0x0000000082e00000| Untracked 
|  47|0x0000000082f00000, 0x0000000083000000, 0x0000000083000000|100%| O|  |TAMS 0x0000000083000000, 0x0000000082f00000| Untracked 
|  48|0x0000000083000000, 0x0000000083100000, 0x0000000083100000|100%| O|  |TAMS 0x0000000083100000, 0x0000000083000000| Untracked 
|  49|0x0000000083100000, 0x0000000083200000, 0x0000000083200000|100%| O|  |TAMS 0x0000000083200000, 0x0000000083100000| Untracked 
|  50|0x0000000083200000, 0x0000000083300000, 0x0000000083300000|100%|HS|  |TAMS 0x0000000083300000, 0x0000000083200000| Complete 
|  51|0x0000000083300000, 0x0000000083400000, 0x0000000083400000|100%| O|  |TAMS 0x0000000083400000, 0x0000000083300000| Untracked 
|  52|0x0000000083400000, 0x0000000083500000, 0x0000000083500000|100%| O|  |TAMS 0x0000000083500000, 0x0000000083400000| Untracked 
|  53|0x0000000083500000, 0x0000000083600000, 0x0000000083600000|100%| O|  |TAMS 0x0000000083600000, 0x0000000083500000| Untracked 
|  54|0x0000000083600000, 0x0000000083700000, 0x0000000083700000|100%| O|  |TAMS 0x0000000083700000, 0x0000000083600000| Untracked 
|  55|0x0000000083700000, 0x0000000083800000, 0x0000000083800000|100%| O|  |TAMS 0x0000000083800000, 0x0000000083700000| Untracked 
|  56|0x0000000083800000, 0x0000000083900000, 0x0000000083900000|100%| O|  |TAMS 0x0000000083900000, 0x0000000083800000| Untracked 
|  57|0x0000000083900000, 0x0000000083a00000, 0x0000000083a00000|100%| O|  |TAMS 0x0000000083a00000, 0x0000000083900000| Untracked 
|  58|0x0000000083a00000, 0x0000000083b00000, 0x0000000083b00000|100%| O|  |TAMS 0x0000000083b00000, 0x0000000083a00000| Untracked 
|  59|0x0000000083b00000, 0x0000000083c00000, 0x0000000083c00000|100%| O|  |TAMS 0x0000000083c00000, 0x0000000083b00000| Untracked 
|  60|0x0000000083c00000, 0x0000000083d00000, 0x0000000083d00000|100%| O|  |TAMS 0x0000000083d00000, 0x0000000083c00000| Untracked 
|  61|0x0000000083d00000, 0x0000000083e00000, 0x0000000083e00000|100%| O|  |TAMS 0x0000000083e00000, 0x0000000083d00000| Untracked 
|  62|0x0000000083e00000, 0x0000000083f00000, 0x0000000083f00000|100%| O|  |TAMS 0x0000000083f00000, 0x0000000083e00000| Untracked 
|  63|0x0000000083f00000, 0x0000000084000000, 0x0000000084000000|100%| O|  |TAMS 0x0000000084000000, 0x0000000083f00000| Untracked 
|  64|0x0000000084000000, 0x0000000084100000, 0x0000000084100000|100%| O|  |TAMS 0x0000000084100000, 0x0000000084000000| Untracked 
|  65|0x0000000084100000, 0x0000000084200000, 0x0000000084200000|100%| O|  |TAMS 0x0000000084200000, 0x0000000084100000| Untracked 
|  66|0x0000000084200000, 0x0000000084300000, 0x0000000084300000|100%|HS|  |TAMS 0x0000000084300000, 0x0000000084200000| Complete 
|  67|0x0000000084300000, 0x0000000084400000, 0x0000000084400000|100%|HC|  |TAMS 0x0000000084400000, 0x0000000084300000| Complete 
|  68|0x0000000084400000, 0x0000000084500000, 0x0000000084500000|100%| O|  |TAMS 0x0000000084500000, 0x0000000084400000| Untracked 
|  69|0x0000000084500000, 0x0000000084600000, 0x0000000084600000|100%| O|  |TAMS 0x0000000084600000, 0x0000000084500000| Untracked 
|  70|0x0000000084600000, 0x0000000084700000, 0x0000000084700000|100%| O|  |TAMS 0x0000000084700000, 0x0000000084600000| Untracked 
|  71|0x0000000084700000, 0x0000000084800000, 0x0000000084800000|100%| O|  |TAMS 0x0000000084800000, 0x0000000084700000| Untracked 
|  72|0x0000000084800000, 0x0000000084900000, 0x0000000084900000|100%| O|  |TAMS 0x0000000084900000, 0x0000000084800000| Untracked 
|  73|0x0000000084900000, 0x0000000084a00000, 0x0000000084a00000|100%| O|  |TAMS 0x0000000084a00000, 0x0000000084900000| Untracked 
|  74|0x0000000084a00000, 0x0000000084b00000, 0x0000000084b00000|100%| O|  |TAMS 0x0000000084b00000, 0x0000000084a00000| Untracked 
|  75|0x0000000084b00000, 0x0000000084c00000, 0x0000000084c00000|100%| O|  |TAMS 0x0000000084c00000, 0x0000000084b00000| Untracked 
|  76|0x0000000084c00000, 0x0000000084d00000, 0x0000000084d00000|100%| O|  |TAMS 0x0000000084d00000, 0x0000000084c00000| Untracked 
|  77|0x0000000084d00000, 0x0000000084e00000, 0x0000000084e00000|100%| O|  |TAMS 0x0000000084e00000, 0x0000000084d00000| Untracked 
|  78|0x0000000084e00000, 0x0000000084f00000, 0x0000000084f00000|100%| O|  |TAMS 0x0000000084f00000, 0x0000000084e00000| Untracked 
|  79|0x0000000084f00000, 0x0000000085000000, 0x0000000085000000|100%| O|  |TAMS 0x0000000085000000, 0x0000000084f00000| Untracked 
|  80|0x0000000085000000, 0x0000000085100000, 0x0000000085100000|100%| O|  |TAMS 0x0000000085100000, 0x0000000085000000| Untracked 
|  81|0x0000000085100000, 0x0000000085200000, 0x0000000085200000|100%| O|  |TAMS 0x0000000085200000, 0x0000000085100000| Untracked 
|  82|0x0000000085200000, 0x0000000085300000, 0x0000000085300000|100%| O|  |TAMS 0x0000000085300000, 0x0000000085200000| Untracked 
|  83|0x0000000085300000, 0x0000000085400000, 0x0000000085400000|100%| O|  |TAMS 0x0000000085400000, 0x0000000085300000| Untracked 
|  84|0x0000000085400000, 0x0000000085500000, 0x0000000085500000|100%| O|  |TAMS 0x0000000085500000, 0x0000000085400000| Untracked 
|  85|0x0000000085500000, 0x0000000085600000, 0x0000000085600000|100%| O|  |TAMS 0x0000000085600000, 0x0000000085500000| Untracked 
|  86|0x0000000085600000, 0x0000000085700000, 0x0000000085700000|100%| O|  |TAMS 0x0000000085700000, 0x0000000085600000| Untracked 
|  87|0x0000000085700000, 0x0000000085800000, 0x0000000085800000|100%| O|  |TAMS 0x0000000085800000, 0x0000000085700000| Untracked 
|  88|0x0000000085800000, 0x0000000085900000, 0x0000000085900000|100%| O|  |TAMS 0x0000000085900000, 0x0000000085800000| Untracked 
|  89|0x0000000085900000, 0x0000000085a00000, 0x0000000085a00000|100%| O|  |TAMS 0x0000000085a00000, 0x0000000085900000| Untracked 
|  90|0x0000000085a00000, 0x0000000085b00000, 0x0000000085b00000|100%| O|  |TAMS 0x0000000085b00000, 0x0000000085a00000| Untracked 
|  91|0x0000000085b00000, 0x0000000085c00000, 0x0000000085c00000|100%| O|  |TAMS 0x0000000085c00000, 0x0000000085b00000| Untracked 
|  92|0x0000000085c00000, 0x0000000085d00000, 0x0000000085d00000|100%| O|  |TAMS 0x0000000085d00000, 0x0000000085c00000| Untracked 
|  93|0x0000000085d00000, 0x0000000085e00000, 0x0000000085e00000|100%| O|  |TAMS 0x0000000085e00000, 0x0000000085d00000| Untracked 
|  94|0x0000000085e00000, 0x0000000085f00000, 0x0000000085f00000|100%| O|  |TAMS 0x0000000085f00000, 0x0000000085e00000| Untracked 
|  95|0x0000000085f00000, 0x0000000086000000, 0x0000000086000000|100%| O|  |TAMS 0x0000000086000000, 0x0000000085f00000| Untracked 
|  96|0x0000000086000000, 0x0000000086100000, 0x0000000086100000|100%| O|  |TAMS 0x0000000086100000, 0x0000000086000000| Untracked 
|  97|0x0000000086100000, 0x0000000086200000, 0x0000000086200000|100%| O|  |TAMS 0x0000000086200000, 0x0000000086100000| Untracked 
|  98|0x0000000086200000, 0x0000000086300000, 0x0000000086300000|100%| O|  |TAMS 0x0000000086300000, 0x0000000086200000| Untracked 
|  99|0x0000000086300000, 0x0000000086400000, 0x0000000086400000|100%| O|  |TAMS 0x0000000086400000, 0x0000000086300000| Untracked 
| 100|0x0000000086400000, 0x0000000086500000, 0x0000000086500000|100%| O|  |TAMS 0x0000000086500000, 0x0000000086400000| Untracked 
| 101|0x0000000086500000, 0x0000000086600000, 0x0000000086600000|100%| O|  |TAMS 0x0000000086600000, 0x0000000086500000| Untracked 
| 102|0x0000000086600000, 0x0000000086700000, 0x0000000086700000|100%| O|  |TAMS 0x0000000086700000, 0x0000000086600000| Untracked 
| 103|0x0000000086700000, 0x0000000086800000, 0x0000000086800000|100%| O|  |TAMS 0x0000000086800000, 0x0000000086700000| Untracked 
| 104|0x0000000086800000, 0x0000000086900000, 0x0000000086900000|100%| O|  |TAMS 0x0000000086900000, 0x0000000086800000| Untracked 
| 105|0x0000000086900000, 0x0000000086a00000, 0x0000000086a00000|100%| O|  |TAMS 0x0000000086a00000, 0x0000000086900000| Untracked 
| 106|0x0000000086a00000, 0x0000000086b00000, 0x0000000086b00000|100%| O|  |TAMS 0x0000000086b00000, 0x0000000086a00000| Untracked 
| 107|0x0000000086b00000, 0x0000000086c00000, 0x0000000086c00000|100%| O|  |TAMS 0x0000000086c00000, 0x0000000086b00000| Untracked 
| 108|0x0000000086c00000, 0x0000000086d00000, 0x0000000086d00000|100%| O|  |TAMS 0x0000000086d00000, 0x0000000086c00000| Untracked 
| 109|0x0000000086d00000, 0x0000000086e00000, 0x0000000086e00000|100%| O|  |TAMS 0x0000000086e00000, 0x0000000086d00000| Untracked 
| 110|0x0000000086e00000, 0x0000000086f00000, 0x0000000086f00000|100%| O|  |TAMS 0x0000000086f00000, 0x0000000086e00000| Untracked 
| 111|0x0000000086f00000, 0x0000000087000000, 0x0000000087000000|100%| O|  |TAMS 0x0000000087000000, 0x0000000086f00000| Untracked 
| 112|0x0000000087000000, 0x0000000087100000, 0x0000000087100000|100%|HS|  |TAMS 0x0000000087100000, 0x0000000087000000| Complete 
| 113|0x0000000087100000, 0x0000000087200000, 0x0000000087200000|100%|HS|  |TAMS 0x0000000087200000, 0x0000000087100000| Complete 
| 114|0x0000000087200000, 0x0000000087300000, 0x0000000087300000|100%|HC|  |TAMS 0x0000000087300000, 0x0000000087200000| Complete 
| 115|0x0000000087300000, 0x0000000087400000, 0x0000000087400000|100%|HC|  |TAMS 0x0000000087400000, 0x0000000087300000| Complete 
| 116|0x0000000087400000, 0x0000000087500000, 0x0000000087500000|100%| O|  |TAMS 0x0000000087500000, 0x0000000087400000| Untracked 
| 117|0x0000000087500000, 0x0000000087600000, 0x0000000087600000|100%| O|  |TAMS 0x0000000087600000, 0x0000000087500000| Untracked 
| 118|0x0000000087600000, 0x0000000087700000, 0x0000000087700000|100%| O|  |TAMS 0x0000000087700000, 0x0000000087600000| Untracked 
| 119|0x0000000087700000, 0x0000000087800000, 0x0000000087800000|100%| O|  |TAMS 0x0000000087800000, 0x0000000087700000| Untracked 
| 120|0x0000000087800000, 0x0000000087900000, 0x0000000087900000|100%| O|  |TAMS 0x0000000087900000, 0x0000000087800000| Untracked 
| 121|0x0000000087900000, 0x0000000087a00000, 0x0000000087a00000|100%| O|  |TAMS 0x0000000087a00000, 0x0000000087900000| Untracked 
| 122|0x0000000087a00000, 0x0000000087b00000, 0x0000000087b00000|100%| O|  |TAMS 0x0000000087b00000, 0x0000000087a00000| Untracked 
| 123|0x0000000087b00000, 0x0000000087c00000, 0x0000000087c00000|100%| O|  |TAMS 0x0000000087c00000, 0x0000000087b00000| Untracked 
| 124|0x0000000087c00000, 0x0000000087d00000, 0x0000000087d00000|100%| O|  |TAMS 0x0000000087d00000, 0x0000000087c00000| Untracked 
| 125|0x0000000087d00000, 0x0000000087e00000, 0x0000000087e00000|100%| O|  |TAMS 0x0000000087e00000, 0x0000000087d00000| Untracked 
| 126|0x0000000087e00000, 0x0000000087f00000, 0x0000000087f00000|100%|HS|  |TAMS 0x0000000087f00000, 0x0000000087e00000| Complete 
| 127|0x0000000087f00000, 0x0000000088000000, 0x0000000088000000|100%| O|  |TAMS 0x0000000088000000, 0x0000000087f00000| Untracked 
| 128|0x0000000088000000, 0x0000000088100000, 0x0000000088100000|100%| O|  |TAMS 0x0000000088100000, 0x0000000088000000| Untracked 
| 129|0x0000000088100000, 0x0000000088200000, 0x0000000088200000|100%| O|  |TAMS 0x0000000088200000, 0x0000000088100000| Untracked 
| 130|0x0000000088200000, 0x0000000088300000, 0x0000000088300000|100%| O|  |TAMS 0x0000000088300000, 0x0000000088200000| Untracked 
| 131|0x0000000088300000, 0x0000000088400000, 0x0000000088400000|100%| O|  |TAMS 0x0000000088400000, 0x0000000088300000| Untracked 
| 132|0x0000000088400000, 0x0000000088500000, 0x0000000088500000|100%| O|  |TAMS 0x0000000088500000, 0x0000000088400000| Untracked 
| 133|0x0000000088500000, 0x0000000088600000, 0x0000000088600000|100%| O|  |TAMS 0x0000000088600000, 0x0000000088500000| Untracked 
| 134|0x0000000088600000, 0x0000000088700000, 0x0000000088700000|100%| O|  |TAMS 0x0000000088700000, 0x0000000088600000| Untracked 
| 135|0x0000000088700000, 0x0000000088800000, 0x0000000088800000|100%| O|  |TAMS 0x0000000088800000, 0x0000000088700000| Untracked 
| 136|0x0000000088800000, 0x0000000088900000, 0x0000000088900000|100%| O|  |TAMS 0x0000000088900000, 0x0000000088800000| Untracked 
| 137|0x0000000088900000, 0x0000000088a00000, 0x0000000088a00000|100%| O|  |TAMS 0x0000000088a00000, 0x0000000088900000| Untracked 
| 138|0x0000000088a00000, 0x0000000088b00000, 0x0000000088b00000|100%| O|  |TAMS 0x0000000088b00000, 0x0000000088a00000| Untracked 
| 139|0x0000000088b00000, 0x0000000088c00000, 0x0000000088c00000|100%|HS|  |TAMS 0x0000000088c00000, 0x0000000088b00000| Complete 
| 140|0x0000000088c00000, 0x0000000088d00000, 0x0000000088d00000|100%| O|  |TAMS 0x0000000088d00000, 0x0000000088c00000| Untracked 
| 141|0x0000000088d00000, 0x0000000088e00000, 0x0000000088e00000|100%| O|  |TAMS 0x0000000088e00000, 0x0000000088d00000| Untracked 
| 142|0x0000000088e00000, 0x0000000088f00000, 0x0000000088f00000|100%| O|  |TAMS 0x0000000088f00000, 0x0000000088e00000| Untracked 
| 143|0x0000000088f00000, 0x0000000089000000, 0x0000000089000000|100%| O|  |TAMS 0x0000000089000000, 0x0000000088f00000| Untracked 
| 144|0x0000000089000000, 0x00000000890aae00, 0x0000000089100000| 66%| O|  |TAMS 0x00000000890aae00, 0x0000000089000000| Untracked 
| 145|0x0000000089100000, 0x0000000089100000, 0x0000000089200000|  0%| F|  |TAMS 0x0000000089100000, 0x0000000089100000| Untracked 
| 146|0x0000000089200000, 0x0000000089200000, 0x0000000089300000|  0%| F|  |TAMS 0x0000000089200000, 0x0000000089200000| Untracked 
| 147|0x0000000089300000, 0x0000000089300000, 0x0000000089400000|  0%| F|  |TAMS 0x0000000089300000, 0x0000000089300000| Untracked 
| 148|0x0000000089400000, 0x0000000089400000, 0x0000000089500000|  0%| F|  |TAMS 0x0000000089400000, 0x0000000089400000| Untracked 
| 149|0x0000000089500000, 0x0000000089500000, 0x0000000089600000|  0%| F|  |TAMS 0x0000000089500000, 0x0000000089500000| Untracked 
| 150|0x0000000089600000, 0x0000000089600000, 0x0000000089700000|  0%| F|  |TAMS 0x0000000089600000, 0x0000000089600000| Untracked 
| 151|0x0000000089700000, 0x0000000089700000, 0x0000000089800000|  0%| F|  |TAMS 0x0000000089700000, 0x0000000089700000| Untracked 
| 152|0x0000000089800000, 0x0000000089800000, 0x0000000089900000|  0%| F|  |TAMS 0x0000000089800000, 0x0000000089800000| Untracked 
| 153|0x0000000089900000, 0x0000000089900000, 0x0000000089a00000|  0%| F|  |TAMS 0x0000000089900000, 0x0000000089900000| Untracked 
| 154|0x0000000089a00000, 0x0000000089a00000, 0x0000000089b00000|  0%| F|  |TAMS 0x0000000089a00000, 0x0000000089a00000| Untracked 
| 155|0x0000000089b00000, 0x0000000089b00000, 0x0000000089c00000|  0%| F|  |TAMS 0x0000000089b00000, 0x0000000089b00000| Untracked 
| 156|0x0000000089c00000, 0x0000000089c00000, 0x0000000089d00000|  0%| F|  |TAMS 0x0000000089c00000, 0x0000000089c00000| Untracked 
| 157|0x0000000089d00000, 0x0000000089d00000, 0x0000000089e00000|  0%| F|  |TAMS 0x0000000089d00000, 0x0000000089d00000| Untracked 
| 158|0x0000000089e00000, 0x0000000089e00000, 0x0000000089f00000|  0%| F|  |TAMS 0x0000000089e00000, 0x0000000089e00000| Untracked 
| 159|0x0000000089f00000, 0x0000000089f00000, 0x000000008a000000|  0%| F|  |TAMS 0x0000000089f00000, 0x0000000089f00000| Untracked 
| 160|0x000000008a000000, 0x000000008a000000, 0x000000008a100000|  0%| F|  |TAMS 0x000000008a000000, 0x000000008a000000| Untracked 
| 161|0x000000008a100000, 0x000000008a100000, 0x000000008a200000|  0%| F|  |TAMS 0x000000008a100000, 0x000000008a100000| Untracked 
| 162|0x000000008a200000, 0x000000008a200000, 0x000000008a300000|  0%| F|  |TAMS 0x000000008a200000, 0x000000008a200000| Untracked 
| 163|0x000000008a300000, 0x000000008a300000, 0x000000008a400000|  0%| F|  |TAMS 0x000000008a300000, 0x000000008a300000| Untracked 
| 164|0x000000008a400000, 0x000000008a400000, 0x000000008a500000|  0%| F|  |TAMS 0x000000008a400000, 0x000000008a400000| Untracked 
| 165|0x000000008a500000, 0x000000008a500000, 0x000000008a600000|  0%| F|  |TAMS 0x000000008a500000, 0x000000008a500000| Untracked 
| 166|0x000000008a600000, 0x000000008a600000, 0x000000008a700000|  0%| F|  |TAMS 0x000000008a600000, 0x000000008a600000| Untracked 
| 167|0x000000008a700000, 0x000000008a700000, 0x000000008a800000|  0%| F|  |TAMS 0x000000008a700000, 0x000000008a700000| Untracked 
| 168|0x000000008a800000, 0x000000008a800000, 0x000000008a900000|  0%| F|  |TAMS 0x000000008a800000, 0x000000008a800000| Untracked 
| 169|0x000000008a900000, 0x000000008a9d6d20, 0x000000008aa00000| 83%| S|CS|TAMS 0x000000008a900000, 0x000000008a900000| Complete 
| 170|0x000000008aa00000, 0x000000008aa00000, 0x000000008ab00000|  0%| F|  |TAMS 0x000000008aa00000, 0x000000008aa00000| Untracked 
| 171|0x000000008ab00000, 0x000000008ac00000, 0x000000008ac00000|100%| S|CS|TAMS 0x000000008ab00000, 0x000000008ab00000| Complete 
| 172|0x000000008ac00000, 0x000000008ad00000, 0x000000008ad00000|100%| S|CS|TAMS 0x000000008ac00000, 0x000000008ac00000| Complete 
| 173|0x000000008ad00000, 0x000000008ae00000, 0x000000008ae00000|100%| S|CS|TAMS 0x000000008ad00000, 0x000000008ad00000| Complete 
| 174|0x000000008ae00000, 0x000000008af00000, 0x000000008af00000|100%| S|CS|TAMS 0x000000008ae00000, 0x000000008ae00000| Complete 
| 175|0x000000008af00000, 0x000000008af00000, 0x000000008b000000|  0%| F|  |TAMS 0x000000008af00000, 0x000000008af00000| Untracked 
| 176|0x000000008b000000, 0x000000008b000000, 0x000000008b100000|  0%| F|  |TAMS 0x000000008b000000, 0x000000008b000000| Untracked 
| 177|0x000000008b100000, 0x000000008b100000, 0x000000008b200000|  0%| F|  |TAMS 0x000000008b100000, 0x000000008b100000| Untracked 
| 178|0x000000008b200000, 0x000000008b200000, 0x000000008b300000|  0%| F|  |TAMS 0x000000008b200000, 0x000000008b200000| Untracked 
| 179|0x000000008b300000, 0x000000008b300000, 0x000000008b400000|  0%| F|  |TAMS 0x000000008b300000, 0x000000008b300000| Untracked 
| 180|0x000000008b400000, 0x000000008b400000, 0x000000008b500000|  0%| F|  |TAMS 0x000000008b400000, 0x000000008b400000| Untracked 
| 181|0x000000008b500000, 0x000000008b500000, 0x000000008b600000|  0%| F|  |TAMS 0x000000008b500000, 0x000000008b500000| Untracked 
| 182|0x000000008b600000, 0x000000008b600000, 0x000000008b700000|  0%| F|  |TAMS 0x000000008b600000, 0x000000008b600000| Untracked 
| 183|0x000000008b700000, 0x000000008b700000, 0x000000008b800000|  0%| F|  |TAMS 0x000000008b700000, 0x000000008b700000| Untracked 
| 184|0x000000008b800000, 0x000000008b800000, 0x000000008b900000|  0%| F|  |TAMS 0x000000008b800000, 0x000000008b800000| Untracked 
| 185|0x000000008b900000, 0x000000008b900000, 0x000000008ba00000|  0%| F|  |TAMS 0x000000008b900000, 0x000000008b900000| Untracked 
| 186|0x000000008ba00000, 0x000000008ba00000, 0x000000008bb00000|  0%| F|  |TAMS 0x000000008ba00000, 0x000000008ba00000| Untracked 
| 187|0x000000008bb00000, 0x000000008bb00000, 0x000000008bc00000|  0%| F|  |TAMS 0x000000008bb00000, 0x000000008bb00000| Untracked 
| 188|0x000000008bc00000, 0x000000008bc00000, 0x000000008bd00000|  0%| F|  |TAMS 0x000000008bc00000, 0x000000008bc00000| Untracked 
| 189|0x000000008bd00000, 0x000000008bd00000, 0x000000008be00000|  0%| F|  |TAMS 0x000000008bd00000, 0x000000008bd00000| Untracked 
| 190|0x000000008be00000, 0x000000008be00000, 0x000000008bf00000|  0%| F|  |TAMS 0x000000008be00000, 0x000000008be00000| Untracked 
| 191|0x000000008bf00000, 0x000000008bf00000, 0x000000008c000000|  0%| F|  |TAMS 0x000000008bf00000, 0x000000008bf00000| Untracked 
| 192|0x000000008c000000, 0x000000008c000000, 0x000000008c100000|  0%| F|  |TAMS 0x000000008c000000, 0x000000008c000000| Untracked 
| 193|0x000000008c100000, 0x000000008c100000, 0x000000008c200000|  0%| F|  |TAMS 0x000000008c100000, 0x000000008c100000| Untracked 
| 194|0x000000008c200000, 0x000000008c200000, 0x000000008c300000|  0%| F|  |TAMS 0x000000008c200000, 0x000000008c200000| Untracked 
| 195|0x000000008c300000, 0x000000008c300000, 0x000000008c400000|  0%| F|  |TAMS 0x000000008c300000, 0x000000008c300000| Untracked 
| 196|0x000000008c400000, 0x000000008c400000, 0x000000008c500000|  0%| F|  |TAMS 0x000000008c400000, 0x000000008c400000| Untracked 
| 197|0x000000008c500000, 0x000000008c500000, 0x000000008c600000|  0%| F|  |TAMS 0x000000008c500000, 0x000000008c500000| Untracked 
| 198|0x000000008c600000, 0x000000008c600000, 0x000000008c700000|  0%| F|  |TAMS 0x000000008c600000, 0x000000008c600000| Untracked 
| 199|0x000000008c700000, 0x000000008c75be90, 0x000000008c800000| 35%| E|  |TAMS 0x000000008c700000, 0x000000008c700000| Complete 
| 200|0x000000008c800000, 0x000000008c900000, 0x000000008c900000|100%| E|CS|TAMS 0x000000008c800000, 0x000000008c800000| Complete 
| 201|0x000000008c900000, 0x000000008ca00000, 0x000000008ca00000|100%| E|CS|TAMS 0x000000008c900000, 0x000000008c900000| Complete 
| 202|0x000000008ca00000, 0x000000008cb00000, 0x000000008cb00000|100%| E|CS|TAMS 0x000000008ca00000, 0x000000008ca00000| Complete 
| 203|0x000000008cb00000, 0x000000008cc00000, 0x000000008cc00000|100%| E|CS|TAMS 0x000000008cb00000, 0x000000008cb00000| Complete 
| 204|0x000000008cc00000, 0x000000008cd00000, 0x000000008cd00000|100%| E|CS|TAMS 0x000000008cc00000, 0x000000008cc00000| Complete 
| 205|0x000000008cd00000, 0x000000008ce00000, 0x000000008ce00000|100%| E|CS|TAMS 0x000000008cd00000, 0x000000008cd00000| Complete 
| 206|0x000000008ce00000, 0x000000008cf00000, 0x000000008cf00000|100%| E|CS|TAMS 0x000000008ce00000, 0x000000008ce00000| Complete 
| 207|0x000000008cf00000, 0x000000008d000000, 0x000000008d000000|100%| E|CS|TAMS 0x000000008cf00000, 0x000000008cf00000| Complete 
| 208|0x000000008d000000, 0x000000008d100000, 0x000000008d100000|100%| E|CS|TAMS 0x000000008d000000, 0x000000008d000000| Complete 
| 209|0x000000008d100000, 0x000000008d200000, 0x000000008d200000|100%| E|CS|TAMS 0x000000008d100000, 0x000000008d100000| Complete 
| 210|0x000000008d200000, 0x000000008d300000, 0x000000008d300000|100%| E|CS|TAMS 0x000000008d200000, 0x000000008d200000| Complete 
| 211|0x000000008d300000, 0x000000008d400000, 0x000000008d400000|100%| E|CS|TAMS 0x000000008d300000, 0x000000008d300000| Complete 
| 212|0x000000008d400000, 0x000000008d500000, 0x000000008d500000|100%| E|CS|TAMS 0x000000008d400000, 0x000000008d400000| Complete 
| 213|0x000000008d500000, 0x000000008d600000, 0x000000008d600000|100%| E|CS|TAMS 0x000000008d500000, 0x000000008d500000| Complete 
| 214|0x000000008d600000, 0x000000008d700000, 0x000000008d700000|100%| E|CS|TAMS 0x000000008d600000, 0x000000008d600000| Complete 
| 215|0x000000008d700000, 0x000000008d800000, 0x000000008d800000|100%| E|CS|TAMS 0x000000008d700000, 0x000000008d700000| Complete 
| 216|0x000000008d800000, 0x000000008d900000, 0x000000008d900000|100%| E|CS|TAMS 0x000000008d800000, 0x000000008d800000| Complete 
| 217|0x000000008d900000, 0x000000008da00000, 0x000000008da00000|100%| E|CS|TAMS 0x000000008d900000, 0x000000008d900000| Complete 
| 218|0x000000008da00000, 0x000000008db00000, 0x000000008db00000|100%| E|CS|TAMS 0x000000008da00000, 0x000000008da00000| Complete 
| 219|0x000000008db00000, 0x000000008dc00000, 0x000000008dc00000|100%| E|CS|TAMS 0x000000008db00000, 0x000000008db00000| Complete 
| 220|0x000000008dc00000, 0x000000008dd00000, 0x000000008dd00000|100%| E|CS|TAMS 0x000000008dc00000, 0x000000008dc00000| Complete 
| 221|0x000000008dd00000, 0x000000008de00000, 0x000000008de00000|100%| E|CS|TAMS 0x000000008dd00000, 0x000000008dd00000| Complete 
| 222|0x000000008de00000, 0x000000008df00000, 0x000000008df00000|100%| E|CS|TAMS 0x000000008de00000, 0x000000008de00000| Complete 
| 223|0x000000008df00000, 0x000000008e000000, 0x000000008e000000|100%| E|CS|TAMS 0x000000008df00000, 0x000000008df00000| Complete 
| 224|0x000000008e000000, 0x000000008e100000, 0x000000008e100000|100%| E|CS|TAMS 0x000000008e000000, 0x000000008e000000| Complete 
| 225|0x000000008e100000, 0x000000008e200000, 0x000000008e200000|100%| E|CS|TAMS 0x000000008e100000, 0x000000008e100000| Complete 
| 226|0x000000008e200000, 0x000000008e300000, 0x000000008e300000|100%| E|CS|TAMS 0x000000008e200000, 0x000000008e200000| Complete 
| 227|0x000000008e300000, 0x000000008e400000, 0x000000008e400000|100%| E|CS|TAMS 0x000000008e300000, 0x000000008e300000| Complete 
| 228|0x000000008e400000, 0x000000008e500000, 0x000000008e500000|100%| E|CS|TAMS 0x000000008e400000, 0x000000008e400000| Complete 

Card table byte_map: [0x00000195cd500000,0x00000195cd900000] _byte_map_base: 0x00000195cd100000

Marking Bits (Prev, Next): (CMBitMap*) 0x00000195b3ffc7d0, (CMBitMap*) 0x00000195b3ffc798
 Prev Bits: [0x00000195cfd00000, 0x00000195d1d00000)
 Next Bits: [0x00000195cdd00000, 0x00000195cfd00000)

Polling page: 0x00000195b40a0000

Metaspace:

Usage:
  Non-class:     88.75 MB capacity,    86.52 MB ( 97%) used,     1.93 MB (  2%) free+waste,   304.81 KB ( <1%) overhead. 
      Class:     14.34 MB capacity,    13.01 MB ( 91%) used,     1.19 MB (  8%) free+waste,   144.44 KB ( <1%) overhead. 
       Both:    103.08 MB capacity,    99.53 MB ( 97%) used,     3.11 MB (  3%) free+waste,   449.25 KB ( <1%) overhead. 

Virtual space:
  Non-class space:       90.00 MB reserved,      88.87 MB ( 99%) committed 
      Class space:      504.00 MB reserved,      14.36 MB (  3%) committed 
             Both:      594.00 MB reserved,     103.23 MB ( 17%) committed 

Chunk freelists:
   Non-Class:  7.75 KB
       Class:  1.00 KB
        Both:  8.75 KB

CodeHeap 'non-profiled nmethods': size=120064Kb used=8697Kb max_used=8956Kb free=111366Kb
 bounds [0x00000195c5580000, 0x00000195c5e70000, 0x00000195ccac0000]
CodeHeap 'profiled nmethods': size=120000Kb used=27619Kb max_used=27619Kb free=92380Kb
 bounds [0x00000195be050000, 0x00000195bfb80000, 0x00000195c5580000]
CodeHeap 'non-nmethods': size=5696Kb used=2310Kb max_used=2367Kb free=3386Kb
 bounds [0x00000195bdac0000, 0x00000195bdd30000, 0x00000195be050000]
 total_blobs=17587 nmethods=11845 adapters=841
 compilation: enabled
              stopped_count=0, restarted_count=0
 full_count=0

Compilation events (10 events):
Event: 356.878 Thread 0x00000195d4ca2800 nmethod 13232 0x00000195c57df890 code [0x00000195c57dfa20, 0x00000195c57dfb18]
Event: 356.879 Thread 0x00000195d4ca2800 13233       4       org.objectweb.asm.ClassReader::readUTF8 (23 bytes)
Event: 356.887 Thread 0x00000195d4ca2800 nmethod 13233 0x00000195c5801090 code [0x00000195c5801240, 0x00000195c5801588]
Event: 356.887 Thread 0x00000195d4ca2800 13234       4       org.objectweb.asm.ClassReader::readCode (5109 bytes)
Event: 357.105 Thread 0x00000195d4ca4000 13235       3       org.objectweb.asm.ClassReader::getTypeAnnotationBytecodeOffset (34 bytes)
Event: 357.106 Thread 0x00000195d4ca4000 nmethod 13235 0x00000195bec50a10 code [0x00000195bec50be0, 0x00000195bec50f98]
Event: 357.227 Thread 0x00000195d4ca4000 13236       3       org.objectweb.asm.ClassReader::<init> (9 bytes)
Event: 357.228 Thread 0x00000195d4ca4000 nmethod 13236 0x00000195bec51a90 code [0x00000195bec51c60, 0x00000195bec51e70]
Event: 357.228 Thread 0x00000195d4ca4000 13237       3       org.objectweb.asm.ClassReader::<init> (8 bytes)
Event: 357.228 Thread 0x00000195d4ca4000 nmethod 13237 0x00000195be7cca10 code [0x00000195be7ccbc0, 0x00000195be7ccd50]

GC Heap History (10 events):
Event: 344.281 GC heap before
{Heap before GC invocations=94 (full 0):
 garbage-first heap   total 234496K, used 197435K [0x0000000080000000, 0x0000000100000000)
  region size 1024K, 54 young (55296K), 5 survivors (5120K)
 Metaspace       used 100757K, capacity 104323K, committed 104688K, reserved 606208K
  class space    used 13220K, capacity 14569K, committed 14708K, reserved 516096K
}
Event: 344.310 GC heap after
{Heap after GC invocations=95 (full 0):
 garbage-first heap   total 234496K, used 148384K [0x0000000080000000, 0x0000000100000000)
  region size 1024K, 5 young (5120K), 5 survivors (5120K)
 Metaspace       used 100757K, capacity 104323K, committed 104688K, reserved 606208K
  class space    used 13220K, capacity 14569K, committed 14708K, reserved 516096K
}
Event: 344.953 GC heap before
{Heap before GC invocations=96 (full 0):
 garbage-first heap   total 234496K, used 198560K [0x0000000080000000, 0x0000000100000000)
  region size 1024K, 54 young (55296K), 5 survivors (5120K)
 Metaspace       used 100757K, capacity 104323K, committed 104688K, reserved 606208K
  class space    used 13220K, capacity 14569K, committed 14708K, reserved 516096K
}
Event: 344.973 GC heap after
{Heap after GC invocations=97 (full 0):
 garbage-first heap   total 234496K, used 149207K [0x0000000080000000, 0x0000000100000000)
  region size 1024K, 5 young (5120K), 5 survivors (5120K)
 Metaspace       used 100757K, capacity 104323K, committed 104688K, reserved 606208K
  class space    used 13220K, capacity 14569K, committed 14708K, reserved 516096K
}
Event: 345.650 GC heap before
{Heap before GC invocations=97 (full 0):
 garbage-first heap   total 234496K, used 199383K [0x0000000080000000, 0x0000000100000000)
  region size 1024K, 54 young (55296K), 5 survivors (5120K)
 Metaspace       used 100759K, capacity 104323K, committed 104688K, reserved 606208K
  class space    used 13220K, capacity 14569K, committed 14708K, reserved 516096K
}
Event: 345.668 GC heap after
{Heap after GC invocations=98 (full 0):
 garbage-first heap   total 234496K, used 149954K [0x0000000080000000, 0x0000000100000000)
  region size 1024K, 4 young (4096K), 4 survivors (4096K)
 Metaspace       used 100759K, capacity 104323K, committed 104688K, reserved 606208K
  class space    used 13220K, capacity 14569K, committed 14708K, reserved 516096K
}
Event: 346.758 GC heap before
{Heap before GC invocations=99 (full 0):
 garbage-first heap   total 234496K, used 201154K [0x0000000080000000, 0x0000000100000000)
  region size 1024K, 54 young (55296K), 4 survivors (4096K)
 Metaspace       used 100762K, capacity 104323K, committed 104688K, reserved 606208K
  class space    used 13220K, capacity 14569K, committed 14708K, reserved 516096K
}
Event: 346.780 GC heap after
{Heap after GC invocations=100 (full 0):
 garbage-first heap   total 234496K, used 150878K [0x0000000080000000, 0x0000000100000000)
  region size 1024K, 5 young (5120K), 5 survivors (5120K)
 Metaspace       used 100762K, capacity 104323K, committed 104688K, reserved 606208K
  class space    used 13220K, capacity 14569K, committed 14708K, reserved 516096K
}
Event: 349.622 GC heap before
{Heap before GC invocations=100 (full 0):
 garbage-first heap   total 234496K, used 202078K [0x0000000080000000, 0x0000000100000000)
  region size 1024K, 55 young (56320K), 5 survivors (5120K)
 Metaspace       used 101178K, capacity 104852K, committed 104944K, reserved 608256K
  class space    used 13236K, capacity 14616K, committed 14708K, reserved 516096K
}
Event: 349.642 GC heap after
{Heap after GC invocations=101 (full 0):
 garbage-first heap   total 234496K, used 153094K [0x0000000080000000, 0x0000000100000000)
  region size 1024K, 5 young (5120K), 5 survivors (5120K)
 Metaspace       used 101178K, capacity 104852K, committed 104944K, reserved 608256K
  class space    used 13236K, capacity 14616K, committed 14708K, reserved 516096K
}

Deoptimization events (10 events):
Event: 349.911 Thread 0x00000195d501e000 Uncommon trap: reason=unstable_if action=reinterpret pc=0x00000195c5712e34 method=groovyjarjarasm.asm.Frame.merge(Lgroovyjarjarasm/asm/SymbolTable;Lgroovyjarjarasm/asm/Frame;I)Z @ 354 c2
Event: 351.360 Thread 0x00000195d501e000 Uncommon trap: reason=unstable_if action=reinterpret pc=0x00000195c572bc30 method=groovyjarjarasm.asm.ByteVector.putInt(I)Lgroovyjarjarasm/asm/ByteVector; @ 13 c2
Event: 353.958 Thread 0x00000195d724b800 Uncommon trap: reason=bimorphic_or_optimized_type_check action=maybe_recompile pc=0x00000195c5de1a54 method=java.util.regex.Matcher.search(I)Z @ 121 c2
Event: 353.958 Thread 0x00000195d724b800 Uncommon trap: reason=bimorphic_or_optimized_type_check action=maybe_recompile pc=0x00000195c5de1a54 method=java.util.regex.Matcher.search(I)Z @ 121 c2
Event: 353.958 Thread 0x00000195d724b800 Uncommon trap: reason=bimorphic_or_optimized_type_check action=maybe_recompile pc=0x00000195c5de1a54 method=java.util.regex.Matcher.search(I)Z @ 121 c2
Event: 353.959 Thread 0x00000195d724b800 Uncommon trap: reason=bimorphic_or_optimized_type_check action=maybe_recompile pc=0x00000195c5de1a54 method=java.util.regex.Matcher.search(I)Z @ 121 c2
Event: 356.856 Thread 0x00000195d724b800 Uncommon trap: reason=profile_predicate action=maybe_recompile pc=0x00000195c5e53234 method=org.objectweb.asm.ClassReader.readCode(Lorg/objectweb/asm/MethodVisitor;Lorg/objectweb/asm/Context;I)V @ 4680 c2
Event: 356.856 Thread 0x00000195d724b800 Uncommon trap: reason=profile_predicate action=maybe_recompile pc=0x00000195c5e53234 method=org.objectweb.asm.ClassReader.readCode(Lorg/objectweb/asm/MethodVisitor;Lorg/objectweb/asm/Context;I)V @ 4680 c2
Event: 356.856 Thread 0x00000195d724b800 Uncommon trap: reason=profile_predicate action=maybe_recompile pc=0x00000195c5e53234 method=org.objectweb.asm.ClassReader.readCode(Lorg/objectweb/asm/MethodVisitor;Lorg/objectweb/asm/Context;I)V @ 4680 c2
Event: 356.876 Thread 0x00000195d724b800 Uncommon trap: reason=profile_predicate action=maybe_recompile pc=0x00000195c5e53234 method=org.objectweb.asm.ClassReader.readCode(Lorg/objectweb/asm/MethodVisitor;Lorg/objectweb/asm/Context;I)V @ 4680 c2

Classes redefined (0 events):
No events

Internal exceptions (10 events):
Event: 338.013 Thread 0x00000195d501e000 Exception <a 'java/security/PrivilegedActionException'{0x000000008e1c1618}> (0x000000008e1c1618) thrown at [t:/workspace/open/src/hotspot/share/prims/jvm.cpp, line 1308]
Event: 338.013 Thread 0x00000195d501e000 Exception <a 'java/security/PrivilegedActionException'{0x000000008e1c28d8}> (0x000000008e1c28d8) thrown at [t:/workspace/open/src/hotspot/share/prims/jvm.cpp, line 1308]
Event: 338.013 Thread 0x00000195d501e000 Exception <a 'java/security/PrivilegedActionException'{0x000000008e1c54d0}> (0x000000008e1c54d0) thrown at [t:/workspace/open/src/hotspot/share/prims/jvm.cpp, line 1308]
Event: 338.013 Thread 0x00000195d501e000 Exception <a 'java/security/PrivilegedActionException'{0x000000008e1c6790}> (0x000000008e1c6790) thrown at [t:/workspace/open/src/hotspot/share/prims/jvm.cpp, line 1308]
Event: 338.014 Thread 0x00000195d501e000 Exception <a 'java/security/PrivilegedActionException'{0x000000008e1c93c0}> (0x000000008e1c93c0) thrown at [t:/workspace/open/src/hotspot/share/prims/jvm.cpp, line 1308]
Event: 338.014 Thread 0x00000195d501e000 Exception <a 'java/security/PrivilegedActionException'{0x000000008e1ca680}> (0x000000008e1ca680) thrown at [t:/workspace/open/src/hotspot/share/prims/jvm.cpp, line 1308]
Event: 338.014 Thread 0x00000195d501e000 Exception <a 'java/security/PrivilegedActionException'{0x000000008e1cd328}> (0x000000008e1cd328) thrown at [t:/workspace/open/src/hotspot/share/prims/jvm.cpp, line 1308]
Event: 338.014 Thread 0x00000195d501e000 Exception <a 'java/security/PrivilegedActionException'{0x000000008e1ce5e8}> (0x000000008e1ce5e8) thrown at [t:/workspace/open/src/hotspot/share/prims/jvm.cpp, line 1308]
Event: 342.676 Thread 0x00000195d501e000 Implicit null exception at 0x00000195c5e0669b to 0x00000195c5e073f6
Event: 353.951 Thread 0x00000195d724b800 Exception <a 'sun/nio/fs/WindowsException'{0x000000008dae81d0}> (0x000000008dae81d0) thrown at [t:/workspace/open/src/hotspot/share/prims/jni.cpp, line 615]

Events (10 events):
Event: 356.856 Thread 0x00000195d724b800 DEOPT UNPACKING pc=0x00000195bdae8129 sp=0x00000016381fdac8 mode 2
Event: 356.856 Thread 0x00000195d724b800 Uncommon trap: trap_request=0xffffffbe fr.pc=0x00000195c5e53234 relative=0x00000000000061f4
Event: 356.856 Thread 0x00000195d724b800 DEOPT PACKING pc=0x00000195c5e53234 sp=0x00000016381fdb60
Event: 356.856 Thread 0x00000195d724b800 DEOPT UNPACKING pc=0x00000195bdae8129 sp=0x00000016381fdac8 mode 2
Event: 356.856 Thread 0x00000195d724b800 Uncommon trap: trap_request=0xffffffbe fr.pc=0x00000195c5e53234 relative=0x00000000000061f4
Event: 356.856 Thread 0x00000195d724b800 DEOPT PACKING pc=0x00000195c5e53234 sp=0x00000016381fdb60
Event: 356.856 Thread 0x00000195d724b800 DEOPT UNPACKING pc=0x00000195bdae8129 sp=0x00000016381fdac8 mode 2
Event: 356.876 Thread 0x00000195d724b800 Uncommon trap: trap_request=0xffffffbe fr.pc=0x00000195c5e53234 relative=0x00000000000061f4
Event: 356.876 Thread 0x00000195d724b800 DEOPT PACKING pc=0x00000195c5e53234 sp=0x00000016381fdb60
Event: 356.876 Thread 0x00000195d724b800 DEOPT UNPACKING pc=0x00000195bdae8129 sp=0x00000016381fdac8 mode 2


Dynamic libraries:
0x00007ff7831e0000 - 0x00007ff783227000 	C:\Program Files\Java\jdk-11.0.1\bin\java.exe
0x00007ffbe6b90000 - 0x00007ffbe6d88000 	C:\WINDOWS\SYSTEM32\ntdll.dll
0x00007ffbe6370000 - 0x00007ffbe642d000 	C:\WINDOWS\System32\KERNEL32.DLL
0x00007ffbe4680000 - 0x00007ffbe494e000 	C:\WINDOWS\System32\KERNELBASE.dll
0x00007ffbe5b10000 - 0x00007ffbe5bbe000 	C:\WINDOWS\System32\ADVAPI32.dll
0x00007ffbe66b0000 - 0x00007ffbe674e000 	C:\WINDOWS\System32\msvcrt.dll
0x00007ffbe6ab0000 - 0x00007ffbe6b4c000 	C:\WINDOWS\System32\sechost.dll
0x00007ffbe5350000 - 0x00007ffbe5475000 	C:\WINDOWS\System32\RPCRT4.dll
0x00007ffbe5ed0000 - 0x00007ffbe6070000 	C:\WINDOWS\System32\USER32.dll
0x00007ffbe4ae0000 - 0x00007ffbe4b02000 	C:\WINDOWS\System32\win32u.dll
0x00007ffbe65c0000 - 0x00007ffbe65ea000 	C:\WINDOWS\System32\GDI32.dll
0x00007ffbe44d0000 - 0x00007ffbe45db000 	C:\WINDOWS\System32\gdi32full.dll
0x00007ffbe45e0000 - 0x00007ffbe467d000 	C:\WINDOWS\System32\msvcp_win.dll
0x00007ffbe4950000 - 0x00007ffbe4a50000 	C:\WINDOWS\System32\ucrtbase.dll
0x00007ffbd2b90000 - 0x00007ffbd2e2a000 	C:\WINDOWS\WinSxS\amd64_microsoft.windows.common-controls_6595b64144ccf1df_6.0.19041.1110_none_60b5254171f9507e\COMCTL32.dll
0x00007ffbd4770000 - 0x00007ffbd477a000 	C:\WINDOWS\SYSTEM32\VERSION.dll
0x00007ffbe65f0000 - 0x00007ffbe6620000 	C:\WINDOWS\System32\IMM32.DLL
0x00007ffbcb430000 - 0x00007ffbcb446000 	C:\Program Files\Java\jdk-11.0.1\bin\vcruntime140.dll
0x00007ffbc54b0000 - 0x00007ffbc555a000 	C:\Program Files\Java\jdk-11.0.1\bin\msvcp140.dll
0x00007ffba75c0000 - 0x00007ffba8102000 	C:\Program Files\Java\jdk-11.0.1\bin\server\jvm.dll
0x00007ffbe62f0000 - 0x00007ffbe62f8000 	C:\WINDOWS\System32\PSAPI.DLL
0x00007ffbd2ad0000 - 0x00007ffbd2af7000 	C:\WINDOWS\SYSTEM32\WINMM.dll
0x00007ffbd2770000 - 0x00007ffbd2779000 	C:\WINDOWS\SYSTEM32\WSOCK32.dll
0x00007ffbe6300000 - 0x00007ffbe636b000 	C:\WINDOWS\System32\WS2_32.dll
0x00007ffbe2240000 - 0x00007ffbe2252000 	C:\WINDOWS\SYSTEM32\kernel.appcore.dll
0x00007ffbcb410000 - 0x00007ffbcb421000 	C:\Program Files\Java\jdk-11.0.1\bin\verify.dll
0x00007ffbd30f0000 - 0x00007ffbd32d4000 	C:\WINDOWS\SYSTEM32\DBGHELP.DLL
0x00007ffbd30a0000 - 0x00007ffbd30cc000 	C:\WINDOWS\SYSTEM32\dbgcore.DLL
0x00007ffbe4a50000 - 0x00007ffbe4ad2000 	C:\WINDOWS\System32\bcryptPrimitives.dll
0x00007ffbc86b0000 - 0x00007ffbc86d9000 	C:\Program Files\Java\jdk-11.0.1\bin\java.dll
0x00007ffbcb3f0000 - 0x00007ffbcb406000 	C:\Program Files\Java\jdk-11.0.1\bin\zip.dll
0x00007ffbd8340000 - 0x00007ffbd834a000 	C:\Program Files\Java\jdk-11.0.1\bin\jimage.dll
0x00007ffbe4bf0000 - 0x00007ffbe5334000 	C:\WINDOWS\System32\SHELL32.dll
0x00007ffbe23b0000 - 0x00007ffbe2b44000 	C:\WINDOWS\SYSTEM32\windows.storage.dll
0x00007ffbe6750000 - 0x00007ffbe6aa4000 	C:\WINDOWS\System32\combase.dll
0x00007ffbe3d10000 - 0x00007ffbe3d40000 	C:\WINDOWS\SYSTEM32\Wldp.dll
0x00007ffbe5ce0000 - 0x00007ffbe5d8d000 	C:\WINDOWS\System32\SHCORE.dll
0x00007ffbe5df0000 - 0x00007ffbe5e45000 	C:\WINDOWS\System32\shlwapi.dll
0x00007ffbe41f0000 - 0x00007ffbe420f000 	C:\WINDOWS\SYSTEM32\profapi.dll
0x00007ffbcac90000 - 0x00007ffbcaca9000 	C:\Program Files\Java\jdk-11.0.1\bin\net.dll
0x00007ffbd8e70000 - 0x00007ffbd8f7a000 	C:\WINDOWS\SYSTEM32\WINHTTP.dll
0x00007ffbe3a70000 - 0x00007ffbe3ada000 	C:\WINDOWS\system32\mswsock.dll
0x00007ffbc8690000 - 0x00007ffbc86a3000 	C:\Program Files\Java\jdk-11.0.1\bin\nio.dll
0x00007ffbb9a50000 - 0x00007ffbb9a77000 	C:\Users\hp\.gradle\native\e1d6ef7f7dcc3fd88c89a11ec53ec762bb8ba0a96d01ffa2cd45eb1d1d8dd5c5\windows-amd64\native-platform.dll
0x00007ffbacbc0000 - 0x00007ffbacd04000 	C:\Users\hp\.gradle\native\5664cfc778a61ccfe75a443a1ab52a65af34e5dc3c78e0209fed803814484fcb\windows-amd64\native-platform-file-events.dll
0x00007ffbcc540000 - 0x00007ffbcc549000 	C:\Program Files\Java\jdk-11.0.1\bin\management.dll
0x00007ffbcbbd0000 - 0x00007ffbcbbdc000 	C:\Program Files\Java\jdk-11.0.1\bin\management_ext.dll
0x00007ffbe3c70000 - 0x00007ffbe3c88000 	C:\WINDOWS\SYSTEM32\CRYPTSP.dll
0x00007ffbe3380000 - 0x00007ffbe33b4000 	C:\WINDOWS\system32\rsaenh.dll
0x00007ffbe4bc0000 - 0x00007ffbe4be7000 	C:\WINDOWS\System32\bcrypt.dll
0x00007ffbe41b0000 - 0x00007ffbe41de000 	C:\WINDOWS\SYSTEM32\USERENV.dll
0x00007ffbe3c60000 - 0x00007ffbe3c6c000 	C:\WINDOWS\SYSTEM32\CRYPTBASE.dll
0x00007ffbe3710000 - 0x00007ffbe374b000 	C:\WINDOWS\SYSTEM32\IPHLPAPI.DLL
0x00007ffbe5340000 - 0x00007ffbe5348000 	C:\WINDOWS\System32\NSI.dll
0x00007ffbd9c50000 - 0x00007ffbd9c67000 	C:\WINDOWS\SYSTEM32\dhcpcsvc6.DLL
0x00007ffbda530000 - 0x00007ffbda54d000 	C:\WINDOWS\SYSTEM32\dhcpcsvc.DLL
0x00007ffbe3750000 - 0x00007ffbe381b000 	C:\WINDOWS\SYSTEM32\DNSAPI.dll

dbghelp: loaded successfully - version: 4.0.5 - missing functions: none
symbol engine: initialized successfully - sym options: 0x614 - pdb path: .;C:\Program Files\Java\jdk-11.0.1\bin;C:\WINDOWS\SYSTEM32;C:\WINDOWS\WinSxS\amd64_microsoft.windows.common-controls_6595b64144ccf1df_6.0.19041.1110_none_60b5254171f9507e;C:\Program Files\Java\jdk-11.0.1\bin\server;C:\Users\hp\.gradle\native\e1d6ef7f7dcc3fd88c89a11ec53ec762bb8ba0a96d01ffa2cd45eb1d1d8dd5c5\windows-amd64;C:\Users\hp\.gradle\native\5664cfc778a61ccfe75a443a1ab52a65af34e5dc3c78e0209fed803814484fcb\windows-amd64

VM Arguments:
jvm_args: -XX:MaxMetaspaceSize=512m --add-opens=java.base/java.util=ALL-UNNAMED --add-opens=java.base/java.lang=ALL-UNNAMED --add-opens=java.base/java.lang.invoke=ALL-UNNAMED --add-opens=java.base/java.util=ALL-UNNAMED --add-opens=java.prefs/java.util.prefs=ALL-UNNAMED --add-opens=java.prefs/java.util.prefs=ALL-UNNAMED --add-opens=java.base/java.nio.charset=ALL-UNNAMED --add-opens=java.base/java.net=ALL-UNNAMED --add-opens=java.base/java.util.concurrent.atomic=ALL-UNNAMED -Xmx2048m -Dfile.encoding=windows-1252 -Duser.country=US -Duser.language=en -Duser.variant 
java_command: org.gradle.launcher.daemon.bootstrap.GradleDaemon 7.3.3
java_class_path (initial): C:\Users\hp\.gradle\wrapper\dists\gradle-7.3.3-all\4295vidhdd9hd3gbjyw1xqxpo\gradle-7.3.3\lib\gradle-launcher-7.3.3.jar
Launcher Type: SUN_STANDARD

[Global flags]
     intx CICompilerCount                          = 3                                         {product} {ergonomic}
   size_t CompressedClassSpaceSize                 = 528482304                                 {product} {ergonomic}
     uint ConcGCThreads                            = 1                                         {product} {ergonomic}
     uint G1ConcRefinementThreads                  = 4                                         {product} {ergonomic}
   size_t G1HeapRegionSize                         = 1048576                                   {product} {ergonomic}
    uintx GCDrainStackTargetSize                   = 64                                        {product} {ergonomic}
   size_t InitialHeapSize                          = 132120576                                 {product} {ergonomic}
   size_t MarkStackSize                            = 4194304                                   {product} {ergonomic}
   size_t MaxHeapSize                              = 2147483648                                {product} {command line}
   size_t MaxMetaspaceSize                         = 536870912                                 {product} {command line}
   size_t MaxNewSize                               = 1287651328                                {product} {ergonomic}
   size_t MinHeapDeltaBytes                        = 1048576                                   {product} {ergonomic}
    uintx NonNMethodCodeHeapSize                   = 5830092                                {pd product} {ergonomic}
    uintx NonProfiledCodeHeapSize                  = 122914074                              {pd product} {ergonomic}
    uintx ProfiledCodeHeapSize                     = 122914074                              {pd product} {ergonomic}
    uintx ReservedCodeCacheSize                    = 251658240                              {pd product} {ergonomic}
     bool SegmentedCodeCache                       = true                                      {product} {ergonomic}
     bool UseCompressedClassPointers               = true                                 {lp64_product} {ergonomic}
     bool UseCompressedOops                        = true                                 {lp64_product} {ergonomic}
     bool UseG1GC                                  = true                                      {product} {ergonomic}
     bool UseLargePagesIndividualAllocation        = false                                  {pd product} {ergonomic}

Logging:
Log output configuration:
 #0: stdout all=warning uptime,level,tags
 #1: stderr all=off uptime,level,tags

Environment Variables:
CLASSPATH=F:\My apps\Project3\android\\gradle\wrapper\gradle-wrapper.jar
PATH=F:\My apps\Project3\android\node_modules\.bin;F:\My apps\Project3\node_modules\.bin;F:\My apps\node_modules\.bin;F:\node_modules\.bin;C:\Program Files\nodejs;F:\My apps\Project3\node_modules\.bin;F:\My apps\Project3\node_modules\.bin;F:\My apps\node_modules\.bin;F:\node_modules\.bin;C:\Users\hp\AppData\Roaming\npm\node_modules\npm\node_modules\@npmcli\run-script\lib\node-gyp-bin;C:\WINDOWS\system32;C:\WINDOWS;C:\WINDOWS\System32\Wbem;C:\WINDOWS\System32\WindowsPowerShell\v1.0\;C:\WINDOWS\System32\OpenSSH\;C:\Users\hp\AppData\Roaming\npm;C:\Program Files\Java\jdk1.8.0_271\bin;C:\Program Files\nodejs;C:\Users\hp\AppData\Local\Android\Sdk\platform-tools;C:\Users\hp\AppData\Local\Android\Sdk;C:\Flutter\flutter\bin;C:\mingw-w64-bin_x86_64-mingw_20111101_sezero\mingw64\bin;C:\Program Files\nodejs\;C:\Program Files\Java\jdk-11.0.1\bin;C:\Users\hp\AppData\Roaming\npm;C:\Users\hp\AppData\Local\Programs\Python\Python310\Scripts\;C:\Users\hp\AppData\Local\Programs\Python\Python310\;C:\Users\hp\AppData\Local\Microsoft\WindowsApps;C:\Program Files\Java\jdk1.8.0_271\bin;C:\Program Files\nodejs;C:\Users\hp\AppData\Local\Android\Sdk;C:\Users\hp\AppData\Local\Android\Sdk\platform-tools;C:\Users\hp\AppData\Local\GitHubDesktop\bin;C:\Flutter\flutter\bin;C:\Program Files\heroku\bin;C:\mingw-w64-bin_x86_64-mingw_20111101_sezero\mingw64\bin;C:\Users\hp\AppData\Roaming\npm;C:\Users\hp\AppData\Local\Programs\Microsoft VS Code\bin
USERNAME=hp
OS=Windows_NT
PROCESSOR_IDENTIFIER=Intel64 Family 6 Model 37 Stepping 5, GenuineIntel



---------------  S Y S T E M  ---------------

OS: Windows 10 , 64 bit Build 19041 (10.0.19041.1806)

CPU:total 4 (initial active 4) (2 cores per cpu, 2 threads per core) family 6 model 37 stepping 5, cmov, cx8, fxsr, mmx, sse, sse2, sse3, ssse3, sse4.1, sse4.2, popcnt, ht, tsc, tscinvbit

Memory: 4k page, system-wide physical 7989M (660M free)
TotalPageFile size 16676M (AvailPageFile size 2062M)
current process WorkingSet (physical memory assigned to process): 515M, peak: 517M
current process commit charge ("private bytes"): 556M, peak: 559M

vm_info: Java HotSpot(TM) 64-Bit Server VM (11.0.1+13-LTS) for windows-amd64 JRE (11.0.1+13-LTS), built on Oct  6 2018 13:20:16 by "mach5one" with MS VC++ 15.5 (VS2017)

END.
